1676449465857	geckodriver	INFO	Listening on 127.0.0.1:50506
1676449466269	mozrunner::runner	INFO	Running command: "/Applications/Firefox.app/Contents/MacOS/firefox-bin" "--marionette" "--remote-debugging-port" "50507" "--remote-allow-hosts" "localhost" "-foreground" "-no-remote" "-profile" "/var/folders/jc/x8nf5scd28v4wrbkt9l72vd00000gn/T/rust_mozprofile7ic5r8"
1676449466821	Marionette	INFO	Marionette enabled
1676449466882	Marionette	INFO	Listening on port 50514
Read port: 50514
2023-02-15 16:24:26.951 plugin-container[41691:7969999] nil host used in call to allowsSpecificHTTPSCertificateForHost
2023-02-15 16:24:26.951 plugin-container[41691:7969999] nil host used in call to allowsAnyHTTPSCertificateForHost:
2023-02-15 16:24:26.957 plugin-container[41691:7969999] nil host used in call to allowsSpecificHTTPSCertificateForHost
2023-02-15 16:24:26.957 plugin-container[41691:7969999] nil host used in call to allowsAnyHTTPSCertificateForHost:
2023-02-15 16:24:26.957 plugin-container[41691:7970001] nil host used in call to allowsSpecificHTTPSCertificateForHost
2023-02-15 16:24:26.957 plugin-container[41691:7970001] nil host used in call to allowsAnyHTTPSCertificateForHost:
WebDriver BiDi listening on ws://127.0.0.1:50507
1676449467021	RemoteAgent	WARN	TLS certificate errors will be ignored for this session
UNSUPPORTED (log once): POSSIBLE ISSUE: unit 1 GLD_TEXTURE_INDEX_2D is unloadable and bound to sampler type (Float) - using zero texture because texture unloadable
console.warn: SearchSettings: "get: No settings file exists, new profile?" (new NotFoundError("Could not open the file at /var/folders/jc/x8nf5scd28v4wrbkt9l72vd00000gn/T/rust_mozprofile7ic5r8/search.json.mozlz4", (void 0)))
DevTools listening on ws://127.0.0.1:50507/devtools/browser/5ea867fe-a9df-4e74-bb38-888762179a42
2023-02-15 08:24:28.805 plugin-container[41703:7970339] nil host used in call to allowsSpecificHTTPSCertificateForHost
2023-02-15 08:24:28.805 plugin-container[41703:7970339] nil host used in call to allowsAnyHTTPSCertificateForHost:
2023-02-15 08:24:28.809 plugin-container[41703:7970339] nil host used in call to allowsSpecificHTTPSCertificateForHost
2023-02-15 08:24:28.809 plugin-container[41703:7970339] nil host used in call to allowsAnyHTTPSCertificateForHost:
2023-02-15 08:24:28.809 plugin-container[41703:7970335] nil host used in call to allowsSpecificHTTPSCertificateForHost
2023-02-15 08:24:28.810 plugin-container[41703:7970335] nil host used in call to allowsAnyHTTPSCertificateForHost:
JavaScript warning: https://hectorstatic.baidu.com/96c9c06653ba892e.js, line 3: WEBGL_debug_renderer_info is deprecated in Firefox and will be removed. Please use RENDERER.
1676449471942	Marionette	INFO	Stopped listening on port 50514
WARNING: A blocker encountered an error while we were waiting.
          Blocker:  Waiting for ping task
          Phase: TelemetryController: Waiting for pending ping activity
          State: (none)
WARNING: Error: Phase "profile-before-change" is finished, it is too late to register completion condition "OS.File: flush I/O queued before profileBeforeChange"
WARNING: addBlocker@resource://gre/modules/AsyncShutdown.jsm:718:15
addBlocker@resource://gre/modules/AsyncShutdown.jsm:523:26
addBlocker@resource://gre/modules/AsyncShutdown.jsm:462:15
setupShutdown@resource://gre/modules/osfile/osfile_async_front.jsm:1548:28
@resource://gre/modules/osfile/osfile_async_front.jsm:1568:16
@resource://gre/modules/osfile.jsm:12:30
@resource://gre/modules/TelemetryStorage.jsm:19:28
promiseArchivePing@resource://gre/modules/TelemetryArchive.jsm:103:5
promiseArchivePing@resource://gre/modules/TelemetryArchive.jsm:63:33
_submitPingLogic@resource://gre/modules/TelemetryControllerParent.jsm:540:48
send@resource://gre/modules/TelemetryControllerParent.jsm:628:24
submitExternalPing@resource://gre/modules/TelemetryControllerParent.jsm:182:17
sendPing@resource://gre/modules/EventPing.jsm:51:30
_submitPing@resource://gre/modules/EventPing.jsm:229:12
shutdown@resource://gre/modules/EventPing.jsm:112:10
_cleanupOnShutdown@resource://gre/modules/TelemetryControllerParent.jsm:940:31
shutdown/<@resource://gre/modules/TelemetryControllerParent.jsm:1010:24
observe@resource://gre/modules/AsyncShutdown.jsm:572:16

WARNING: A blocker encountered an error while we were waiting.
          Blocker:  Waiting for ping task
          Phase: TelemetryController: Waiting for pending ping activity
          State: (none)
WARNING: Error: Phase "profile-before-change" is finished, it is too late to register completion condition "OS.File: flush I/O queued before profileBeforeChange"
WARNING: addBlocker@resource://gre/modules/AsyncShutdown.jsm:718:15
addBlocker@resource://gre/modules/AsyncShutdown.jsm:523:26
addBlocker@resource://gre/modules/AsyncShutdown.jsm:462:15
setupShutdown@resource://gre/modules/osfile/osfile_async_front.jsm:1548:28
@resource://gre/modules/osfile/osfile_async_front.jsm:1568:16
@resource://gre/modules/osfile.jsm:12:30
@resource://gre/modules/TelemetryStorage.jsm:19:28
promiseArchivePing@resource://gre/modules/TelemetryArchive.jsm:103:5
promiseArchivePing@resource://gre/modules/TelemetryArchive.jsm:63:33
_submitPingLogic@resource://gre/modules/TelemetryControllerParent.jsm:540:48
send@resource://gre/modules/TelemetryControllerParent.jsm:628:24
submitExternalPing@resource://gre/modules/TelemetryControllerParent.jsm:182:17
saveShutdownPings@resource://gre/modules/TelemetrySession.jsm:982:34
shutdownChromeProcess/cleanup/<@resource://gre/modules/TelemetrySession.jsm:1232:20
cleanup@resource://gre/modules/TelemetrySession.jsm:1239:9
shutdownChromeProcess@resource://gre/modules/TelemetrySession.jsm:1256:14
shutdown@resource://gre/modules/TelemetrySession.jsm:247:17
_cleanupOnShutdown@resource://gre/modules/TelemetryControllerParent.jsm:959:35
observe@resource://gre/modules/AsyncShutdown.jsm:572:16

WARNING: A blocker encountered an error while we were waiting.
          Blocker:  Waiting for ping task
          Phase: TelemetryController: Waiting for pending ping activity
          State: (none)
WARNING: Error: Phase "profile-before-change" is finished, it is too late to register completion condition "OS.File: flush I/O queued before profileBeforeChange"
WARNING: addBlocker@resource://gre/modules/AsyncShutdown.jsm:718:15
addBlocker@resource://gre/modules/AsyncShutdown.jsm:523:26
addBlocker@resource://gre/modules/AsyncShutdown.jsm:462:15
setupShutdown@resource://gre/modules/osfile/osfile_async_front.jsm:1548:28
@resource://gre/modules/osfile/osfile_async_front.jsm:1568:16
@resource://gre/modules/osfile.jsm:12:30
@resource://gre/modules/TelemetryStorage.jsm:19:28
promiseArchivePing@resource://gre/modules/TelemetryArchive.jsm:103:5
promiseArchivePing@resource://gre/modules/TelemetryArchive.jsm:63:33
_submitPingLogic@resource://gre/modules/TelemetryControllerParent.jsm:540:48
send@resource://gre/modules/TelemetryControllerParent.jsm:628:24
submitExternalPing@resource://gre/modules/TelemetryControllerParent.jsm:182:17
saveShutdownPings@resource://gre/modules/TelemetrySession.jsm:1014:36
shutdownChromeProcess/cleanup/<@resource://gre/modules/TelemetrySession.jsm:1232:20
cleanup@resource://gre/modules/TelemetrySession.jsm:1239:9
shutdownChromeProcess@resource://gre/modules/TelemetrySession.jsm:1256:14
shutdown@resource://gre/modules/TelemetrySession.jsm:247:17
_cleanupOnShutdown@resource://gre/modules/TelemetryControllerParent.jsm:959:35
observe@resource://gre/modules/AsyncShutdown.jsm:572:16

WARNING: A blocker encountered an error while we were waiting.
          Blocker:  TelemetryController: shutting down
          Phase: profile-before-change-telemetry
          State: Error getting state: Error: Phase "profile-before-change" is finished, it is too late to register completion condition "OS.File: flush I/O queued before profileBeforeChange" at addBlocker@resource://gre/modules/AsyncShutdown.jsm:718:15
addBlocker@resource://gre/modules/AsyncShutdown.jsm:523:26
addBlocker@resource://gre/modules/AsyncShutdown.jsm:462:15
setupShutdown@resource://gre/modules/osfile/osfile_async_front.jsm:1548:28
@resource://gre/modules/osfile/osfile_async_front.jsm:1568:16
@resource://gre/modules/osfile.jsm:12:30
@resource://gre/modules/TelemetryStorage.jsm:19:28
getShutdownState@resource://gre/modules/TelemetrySend.jsm:1692:7
getShutdownState@resource://gre/modules/TelemetrySend.jsm:374:30
_getState@resource://gre/modules/TelemetryControllerParent.jsm:1058:38
setupTelemetry/<@resource://gre/modules/TelemetryControllerParent.jsm:917:18
safeGetState@resource://gre/modules/AsyncShutdown.jsm:254:17
Barrier/_internalAddBlocker/promise<@resource://gre/modules/AsyncShutdown.jsm:773:20
observe@resource://gre/modules/AsyncShutdown.jsm:572:16

WARNING: Error: Phase "profile-before-change" is finished, it is too late to register completion condition "OS.File: flush I/O queued before profileBeforeChange"
WARNING: addBlocker@resource://gre/modules/AsyncShutdown.jsm:718:15
addBlocker@resource://gre/modules/AsyncShutdown.jsm:523:26
addBlocker@resource://gre/modules/AsyncShutdown.jsm:462:15
setupShutdown@resource://gre/modules/osfile/osfile_async_front.jsm:1548:28
@resource://gre/modules/osfile/osfile_async_front.jsm:1568:16
@resource://gre/modules/osfile.jsm:12:30
@resource://gre/modules/TelemetryStorage.jsm:19:28
removeAbortedSessionPing@resource://gre/modules/TelemetryControllerParent.jsm:721:5
removeAbortedSessionPing@resource://gre/modules/TelemetryControllerParent.jsm:249:17
shutdownChromeProcess/cleanup/<@resource://gre/modules/TelemetrySession.jsm:1235:42
observe@resource://gre/modules/AsyncShutdown.jsm:572:16

JavaScript error: resource://gre/modules/AsyncShutdown.jsm, line 718: Error: Phase "profile-before-change" is finished, it is too late to register completion condition "OS.File: flush I/O queued before profileBeforeChange"
JavaScript error: resource://gre/modules/AsyncShutdown.jsm, line 718: Error: Phase "profile-before-change" is finished, it is too late to register completion condition "OS.File: flush I/O queued before profileBeforeChange"
JavaScript error: resource://gre/modules/AsyncShutdown.jsm, line 718: Error: Phase "profile-before-change" is finished, it is too late to register completion condition "OS.File: flush I/O queued before profileBeforeChange"
JavaScript error: resource://gre/modules/AsyncShutdown.jsm, line 718: Error: Phase "profile-before-change" is finished, it is too late to register completion condition "OS.File: flush I/O queued before profileBeforeChange"
JavaScript error: resource://gre/modules/AsyncShutdown.jsm, line 718: Error: Phase "profile-before-change" is finished, it is too late to register completion condition "OS.File: flush I/O queued before profileBeforeChange"
JavaScript error: resource://gre/modules/AsyncShutdown.jsm, line 718: Error: Phase "profile-before-change" is finished, it is too late to register completion condition "OS.File: flush I/O queued before profileBeforeChange"
1676516908914	geckodriver	INFO	Listening on 127.0.0.1:53915
1676516909430	mozrunner::runner	INFO	Running command: "/Applications/Firefox.app/Contents/MacOS/firefox-bin" "--marionette" "--remote-debugging-port" "53916" "--remote-allow-hosts" "localhost" "-foreground" "-no-remote" "-profile" "/var/folders/jc/x8nf5scd28v4wrbkt9l72vd00000gn/T/rust_mozprofile6SutrR"
1676516910115	Marionette	INFO	Marionette enabled
2023-02-16 11:08:30.229 plugin-container[97308:8547314] nil host used in call to allowsSpecificHTTPSCertificateForHost
2023-02-16 11:08:30.229 plugin-container[97308:8547314] nil host used in call to allowsAnyHTTPSCertificateForHost:
2023-02-16 11:08:30.232 plugin-container[97308:8547314] nil host used in call to allowsSpecificHTTPSCertificateForHost
2023-02-16 11:08:30.232 plugin-container[97308:8547314] nil host used in call to allowsAnyHTTPSCertificateForHost:
2023-02-16 11:08:30.232 plugin-container[97308:8547312] nil host used in call to allowsSpecificHTTPSCertificateForHost
2023-02-16 11:08:30.232 plugin-container[97308:8547312] nil host used in call to allowsAnyHTTPSCertificateForHost:
1676516910293	Marionette	INFO	Listening on port 53932
WebDriver BiDi listening on ws://127.0.0.1:53916
Read port: 53932
1676516910488	RemoteAgent	WARN	TLS certificate errors will be ignored for this session
UNSUPPORTED (log once): POSSIBLE ISSUE: unit 1 GLD_TEXTURE_INDEX_2D is unloadable and bound to sampler type (Float) - using zero texture because texture unloadable
console.warn: SearchSettings: "get: No settings file exists, new profile?" (new NotFoundError("Could not open the file at /var/folders/jc/x8nf5scd28v4wrbkt9l72vd00000gn/T/rust_mozprofile6SutrR/search.json.mozlz4", (void 0)))
DevTools listening on ws://127.0.0.1:53916/devtools/browser/ff481fdb-4190-46ad-a63a-080765cb4ff6
JavaScript warning: https://hectorstatic.baidu.com/96c9c06653ba892e.js, line 3: WEBGL_debug_renderer_info is deprecated in Firefox and will be removed. Please use RENDERER.
1676659629281	Sync.ErrorHandler	ERROR	Sync encountered a login error
console.error: "Sync encountered an error - see about:sync-log for the log file."
1676674056796	Sync.ErrorHandler	ERROR	Sync encountered a login error
console.error: "Sync encountered an error - see about:sync-log for the log file."
1676723912057	Sync.ErrorHandler	ERROR	Sync encountered a login error
console.error: "Sync encountered an error - see about:sync-log for the log file."
1676781295175	Sync.ErrorHandler	ERROR	Sync encountered a login error
console.error: "Sync encountered an error - see about:sync-log for the log file."
1676848320230	Sync.ErrorHandler	ERROR	Sync encountered a login error
console.error: "Sync encountered an error - see about:sync-log for the log file."
console.error: "Problem getting stored prefs for TopSites"
JavaScript error: , line 0: uncaught exception: null
1676855101210	Sync.ErrorHandler	ERROR	Sync encountered a login error
console.error: "Sync encountered an error - see about:sync-log for the log file."
console.error: "Problem getting stored prefs for TopSites"
JavaScript error: , line 0: uncaught exception: null
console.error: "Problem getting stored prefs for TopSites"
JavaScript error: , line 0: uncaught exception: null
JavaScript error: , line 0: NotFoundError: Could not move source file(/var/folders/jc/x8nf5scd28v4wrbkt9l72vd00000gn/T/rust_mozprofile6SutrR/bookmarkbackups/bookmarks-2023-02-19_26_TGVH5ulEslVOLbSZU3UH1w==.jsonlz4) because it does not exist
console.error: "Problem getting stored prefs for TopSites"
JavaScript error: , line 0: uncaught exception: null
console.error: "Problem getting stored prefs for TopSites"
JavaScript error: , line 0: uncaught exception: null
console.error: "Problem getting stored prefs for TopSites"
JavaScript error: , line 0: uncaught exception: null
console.error: "Problem getting stored prefs for TopSites"
JavaScript error: , line 0: uncaught exception: null
console.error: "Problem getting stored prefs for TopSites"
JavaScript error: , line 0: uncaught exception: null
console.error: "Problem getting stored prefs for TopSites"
JavaScript error: , line 0: uncaught exception: null
console.error: "Problem getting stored prefs for TopSites"
JavaScript error: , line 0: uncaught exception: null
console.error: "Problem getting stored prefs for TopSites"
JavaScript error: , line 0: uncaught exception: null
console.error: "Problem getting stored prefs for TopSites"
JavaScript error: , line 0: uncaught exception: null
console.error: "Problem getting stored prefs for TopSites"
JavaScript error: , line 0: uncaught exception: null
console.error: "Problem getting stored prefs for TopSites"
JavaScript error: , line 0: uncaught exception: null
console.error: "Problem getting stored prefs for TopSites"
JavaScript error: , line 0: uncaught exception: null
console.error: "Problem getting stored prefs for TopSites"
JavaScript error: , line 0: uncaught exception: null
console.error: "Problem getting stored prefs for TopSites"
JavaScript error: , line 0: uncaught exception: null
console.error: "Problem getting stored prefs for TopSites"
JavaScript error: , line 0: uncaught exception: null
console.error: "Problem getting stored prefs for TopSites"
JavaScript error: , line 0: uncaught exception: null
console.error: "Problem getting stored prefs for TopSites"
JavaScript error: , line 0: uncaught exception: null
console.error: "Problem getting stored prefs for TopSites"
JavaScript error: , line 0: uncaught exception: null
console.error: "Problem getting stored prefs for TopSites"
JavaScript error: , line 0: uncaught exception: null
console.error: "Problem getting stored prefs for TopSites"
JavaScript error: , line 0: uncaught exception: null
console.error: "Problem getting stored prefs for TopSites"
JavaScript error: , line 0: uncaught exception: null
console.error: "Problem getting stored prefs for TopSites"
JavaScript error: , line 0: uncaught exception: null
console.error: "Problem getting stored prefs for TopSites"
JavaScript error: , line 0: uncaught exception: null
console.error: "Problem getting stored prefs for TopSites"
JavaScript error: , line 0: uncaught exception: null
console.error: "Problem getting stored prefs for TopSites"
JavaScript error: , line 0: uncaught exception: null
console.error: "Problem getting stored prefs for TopSites"
JavaScript error: , line 0: uncaught exception: null
console.error: "Problem getting stored prefs for TopSites"
JavaScript error: , line 0: uncaught exception: null
console.error: "Problem getting stored prefs for TopSites"
JavaScript error: , line 0: uncaught exception: null
console.error: "Problem getting stored prefs for TopSites"
JavaScript error: , line 0: uncaught exception: null
console.error: "Problem getting stored prefs for TopSites"
JavaScript error: , line 0: uncaught exception: null
console.error: "Problem getting stored prefs for TopSites"
JavaScript error: , line 0: uncaught exception: null
console.error: "Problem getting stored prefs for TopSites"
JavaScript error: , line 0: uncaught exception: null
console.error: "Problem getting stored prefs for TopSites"
JavaScript error: , line 0: uncaught exception: null
console.error: "Problem getting stored prefs for TopSites"
JavaScript error: , line 0: uncaught exception: null
console.error: "Problem getting stored prefs for TopSites"
JavaScript error: , line 0: uncaught exception: null
console.error: "Problem getting stored prefs for TopSites"
JavaScript error: , line 0: uncaught exception: null
console.error: "Problem getting stored prefs for TopSites"
JavaScript error: , line 0: uncaught exception: null
console.error: "Problem getting stored prefs for TopSites"
JavaScript error: , line 0: uncaught exception: null
console.error: "Problem getting stored prefs for TopSites"
JavaScript error: , line 0: uncaught exception: null
console.error: "Problem getting stored prefs for TopSites"
JavaScript error: , line 0: uncaught exception: null
console.error: "Problem getting stored prefs for TopSites"
JavaScript error: , line 0: uncaught exception: null
console.error: "Problem getting stored prefs for TopSites"
JavaScript error: , line 0: uncaught exception: null
console.error: "Problem getting stored prefs for TopSites"
JavaScript error: , line 0: uncaught exception: null
console.error: "Problem getting stored prefs for TopSites"
JavaScript error: , line 0: uncaught exception: null
console.error: "Problem getting stored prefs for TopSites"
JavaScript error: , line 0: uncaught exception: null
console.error: "Problem getting stored prefs for TopSites"
JavaScript error: , line 0: uncaught exception: null
console.error: "Problem getting stored prefs for TopSites"
JavaScript error: , line 0: uncaught exception: null
console.error: "Problem getting stored prefs for TopSites"
JavaScript error: , line 0: uncaught exception: null
console.error: "Problem getting stored prefs for TopSites"
JavaScript error: , line 0: uncaught exception: null
console.error: "Problem getting stored prefs for TopSites"
JavaScript error: , line 0: uncaught exception: null
console.error: "Problem getting stored prefs for TopSites"
JavaScript error: , line 0: uncaught exception: null
console.error: "Problem getting stored prefs for TopSites"
JavaScript error: , line 0: uncaught exception: null
console.error: "Problem getting stored prefs for TopSites"
JavaScript error: , line 0: uncaught exception: null
console.error: "Problem getting stored prefs for TopSites"
JavaScript error: , line 0: uncaught exception: null
console.error: "Problem getting stored prefs for TopSites"
JavaScript error: , line 0: uncaught exception: null
console.error: "Problem getting stored prefs for TopSites"
JavaScript error: , line 0: uncaught exception: null
console.error: "Problem getting stored prefs for TopSites"
JavaScript error: , line 0: uncaught exception: null
console.error: "Problem getting stored prefs for TopSites"
JavaScript error: , line 0: uncaught exception: null
console.error: "Problem getting stored prefs for TopSites"
JavaScript error: , line 0: uncaught exception: null
console.error: "Problem getting stored prefs for TopSites"
JavaScript error: , line 0: uncaught exception: null
console.error: "Problem getting stored prefs for TopSites"
JavaScript error: , line 0: uncaught exception: null
console.error: "Problem getting stored prefs for TopSites"
JavaScript error: , line 0: uncaught exception: null
console.error: "Problem getting stored prefs for TopSites"
JavaScript error: , line 0: uncaught exception: null
console.error: "Problem getting stored prefs for TopSites"
JavaScript error: , line 0: uncaught exception: null
console.error: "Problem getting stored prefs for TopSites"
JavaScript error: , line 0: uncaught exception: null
console.error: "Problem getting stored prefs for TopSites"
JavaScript error: , line 0: uncaught exception: null
console.error: "Problem getting stored prefs for TopSites"
JavaScript error: , line 0: uncaught exception: null
console.error: "Problem getting stored prefs for TopSites"
JavaScript error: , line 0: uncaught exception: null
console.error: "Problem getting stored prefs for TopSites"
JavaScript error: , line 0: uncaught exception: null
console.error: "Problem getting stored prefs for TopSites"
JavaScript error: , line 0: uncaught exception: null
console.error: "Problem getting stored prefs for TopSites"
JavaScript error: , line 0: uncaught exception: null
console.error: "Problem getting stored prefs for TopSites"
JavaScript error: , line 0: uncaught exception: null
console.error: "Problem getting stored prefs for TopSites"
JavaScript error: , line 0: uncaught exception: null
console.error: "Problem getting stored prefs for TopSites"
JavaScript error: , line 0: uncaught exception: null
console.error: "Problem getting stored prefs for TopSites"
JavaScript error: , line 0: uncaught exception: null
console.error: "Problem getting stored prefs for TopSites"
JavaScript error: , line 0: uncaught exception: null
console.error: "Problem getting stored prefs for TopSites"
JavaScript error: , line 0: uncaught exception: null
console.error: "Problem getting stored prefs for TopSites"
JavaScript error: , line 0: uncaught exception: null
console.error: "Problem getting stored prefs for TopSites"
JavaScript error: , line 0: uncaught exception: null
console.error: "Problem getting stored prefs for TopSites"
JavaScript error: , line 0: uncaught exception: null
console.error: "Problem getting stored prefs for TopSites"
JavaScript error: , line 0: uncaught exception: null
console.error: "Problem getting stored prefs for TopSites"
JavaScript error: , line 0: uncaught exception: null
console.error: "Problem getting stored prefs for TopSites"
JavaScript error: , line 0: uncaught exception: null
console.error: "Problem getting stored prefs for TopSites"
JavaScript error: , line 0: uncaught exception: null
console.error: "Problem getting stored prefs for TopSites"
JavaScript error: , line 0: uncaught exception: null
console.error: "Problem getting stored prefs for TopSites"
JavaScript error: , line 0: uncaught exception: null
console.error: "Problem getting stored prefs for TopSites"
JavaScript error: , line 0: uncaught exception: null
console.error: "Problem getting stored prefs for TopSites"
JavaScript error: , line 0: uncaught exception: null
console.error: "Problem getting stored prefs for TopSites"
JavaScript error: , line 0: uncaught exception: null
console.error: "Problem getting stored prefs for TopSites"
JavaScript error: , line 0: uncaught exception: null
console.error: "Problem getting stored prefs for TopSites"
JavaScript error: , line 0: uncaught exception: null
console.error: "Problem getting stored prefs for TopSites"
JavaScript error: , line 0: uncaught exception: null
console.error: "Problem getting stored prefs for TopSites"
JavaScript error: , line 0: uncaught exception: null
console.error: "Problem getting stored prefs for TopSites"
JavaScript error: , line 0: uncaught exception: null
console.error: "Problem getting stored prefs for TopSites"
JavaScript error: , line 0: uncaught exception: null
console.error: "Problem getting stored prefs for TopSites"
JavaScript error: , line 0: uncaught exception: null
console.error: "Problem getting stored prefs for TopSites"
JavaScript error: , line 0: uncaught exception: null
console.error: "Problem getting stored prefs for TopSites"
JavaScript error: , line 0: uncaught exception: null
console.error: "Problem getting stored prefs for TopSites"
JavaScript error: , line 0: uncaught exception: null
console.error: "Problem getting stored prefs for TopSites"
JavaScript error: , line 0: uncaught exception: null
console.error: "Problem getting stored prefs for TopSites"
JavaScript error: , line 0: uncaught exception: null
console.error: "Problem getting stored prefs for TopSites"
JavaScript error: , line 0: uncaught exception: null
console.error: "Problem getting stored prefs for TopSites"
JavaScript error: , line 0: uncaught exception: null
console.error: "Problem getting stored prefs for TopSites"
JavaScript error: , line 0: uncaught exception: null
console.error: "Problem getting stored prefs for TopSites"
JavaScript error: , line 0: uncaught exception: null
console.error: "Problem getting stored prefs for TopSites"
JavaScript error: , line 0: uncaught exception: null
console.error: "Problem getting stored prefs for TopSites"
JavaScript error: , line 0: uncaught exception: null
console.error: "Problem getting stored prefs for TopSites"
JavaScript error: , line 0: uncaught exception: null
console.error: "Problem getting stored prefs for TopSites"
JavaScript error: , line 0: uncaught exception: null
console.error: "Problem getting stored prefs for TopSites"
JavaScript error: , line 0: uncaught exception: null
console.error: "Problem getting stored prefs for TopSites"
JavaScript error: , line 0: uncaught exception: null
console.error: "Problem getting stored prefs for TopSites"
JavaScript error: , line 0: uncaught exception: null
console.error: "Problem getting stored prefs for TopSites"
JavaScript error: , line 0: uncaught exception: null
console.error: "Problem getting stored prefs for TopSites"
JavaScript error: , line 0: uncaught exception: null
console.error: "Problem getting stored prefs for TopSites"
JavaScript error: , line 0: uncaught exception: null
console.error: "Problem getting stored prefs for TopSites"
JavaScript error: , line 0: uncaught exception: null
console.error: "Problem getting stored prefs for TopSites"
JavaScript error: , line 0: uncaught exception: null
console.error: "Problem getting stored prefs for TopSites"
JavaScript error: , line 0: uncaught exception: null
console.error: "Problem getting stored prefs for TopSites"
JavaScript error: , line 0: uncaught exception: null
console.error: "Problem getting stored prefs for TopSites"
JavaScript error: , line 0: uncaught exception: null
console.error: "Problem getting stored prefs for TopSites"
JavaScript error: , line 0: uncaught exception: null
console.error: "Problem getting stored prefs for TopSites"
JavaScript error: , line 0: uncaught exception: null
console.error: "Problem getting stored prefs for TopSites"
JavaScript error: , line 0: uncaught exception: null
console.error: "Problem getting stored prefs for TopSites"
JavaScript error: , line 0: uncaught exception: null
console.error: "Problem getting stored prefs for TopSites"
JavaScript error: , line 0: uncaught exception: null
console.error: "Problem getting stored prefs for TopSites"
JavaScript error: , line 0: uncaught exception: null
console.error: "Problem getting stored prefs for TopSites"
JavaScript error: , line 0: uncaught exception: null
console.error: "Problem getting stored prefs for TopSites"
JavaScript error: , line 0: uncaught exception: null
console.error: "Problem getting stored prefs for TopSites"
JavaScript error: , line 0: uncaught exception: null
1676896329647	Sync.ErrorHandler	ERROR	Sync encountered a login error
console.error: "Sync encountered an error - see about:sync-log for the log file."
console.error: "Problem getting stored prefs for TopSites"
JavaScript error: , line 0: uncaught exception: null
1676900576634	Sync.ErrorHandler	ERROR	Sync encountered a login error
console.error: "Sync encountered an error - see about:sync-log for the log file."
console.error: "Problem getting stored prefs for TopSites"
JavaScript error: , line 0: uncaught exception: null
console.error: "Problem getting stored prefs for TopSites"
JavaScript error: , line 0: uncaught exception: null
console.error: "Problem getting stored prefs for TopSites"
JavaScript error: , line 0: uncaught exception: null
console.error: "Problem getting stored prefs for TopSites"
JavaScript error: , line 0: uncaught exception: null
console.error: "Problem getting stored prefs for TopSites"
JavaScript error: , line 0: uncaught exception: null
console.error: "Problem getting stored prefs for TopSites"
JavaScript error: , line 0: uncaught exception: null
console.error: "Problem getting stored prefs for TopSites"
JavaScript error: , line 0: uncaught exception: null
console.error: "Problem getting stored prefs for TopSites"
JavaScript error: , line 0: uncaught exception: null
console.error: "Problem getting stored prefs for TopSites"
JavaScript error: , line 0: uncaught exception: null
console.error: "Problem getting stored prefs for TopSites"
JavaScript error: , line 0: uncaught exception: null
console.error: "Problem getting stored prefs for TopSites"
JavaScript error: , line 0: uncaught exception: null
console.error: "Problem getting stored prefs for TopSites"
JavaScript error: , line 0: uncaught exception: null
console.error: "Problem getting stored prefs for TopSites"
JavaScript error: , line 0: uncaught exception: null
console.error: "Problem getting stored prefs for TopSites"
JavaScript error: , line 0: uncaught exception: null
console.error: "Problem getting stored prefs for TopSites"
JavaScript error: , line 0: uncaught exception: null
console.error: "Problem getting stored prefs for TopSites"
JavaScript error: , line 0: uncaught exception: null
console.error: "Problem getting stored prefs for TopSites"
JavaScript error: , line 0: uncaught exception: null
console.error: "Problem getting stored prefs for TopSites"
JavaScript error: , line 0: uncaught exception: null
console.error: "Problem getting stored prefs for TopSites"
JavaScript error: , line 0: uncaught exception: null
console.error: "Problem getting stored prefs for TopSites"
JavaScript error: , line 0: uncaught exception: null
console.error: "Problem getting stored prefs for TopSites"
JavaScript error: , line 0: uncaught exception: null
console.error: "Problem getting stored prefs for TopSites"
JavaScript error: , line 0: uncaught exception: null
console.error: "Problem getting stored prefs for TopSites"
JavaScript error: , line 0: uncaught exception: null
console.error: "Problem getting stored prefs for TopSites"
JavaScript error: , line 0: uncaught exception: null
console.error: "Problem getting stored prefs for TopSites"
JavaScript error: , line 0: uncaught exception: null
console.error: "Problem getting stored prefs for TopSites"
JavaScript error: , line 0: uncaught exception: null
console.error: "Problem getting stored prefs for TopSites"
JavaScript error: , line 0: uncaught exception: null
console.error: "Problem getting stored prefs for TopSites"
JavaScript error: , line 0: uncaught exception: null
console.error: "Problem getting stored prefs for TopSites"
JavaScript error: , line 0: uncaught exception: null
1676941630979	Sync.ErrorHandler	ERROR	Sync encountered a login error
console.error: "Sync encountered an error - see about:sync-log for the log file."
console.error: "Problem getting stored prefs for TopSites"
JavaScript error: , line 0: uncaught exception: null
console.error: "Problem getting stored prefs for TopSites"
JavaScript error: , line 0: uncaught exception: null
console.error: "Problem getting stored prefs for TopSites"
JavaScript error: , line 0: uncaught exception: null
2023-02-21 09:20:42.628 firefox-bin[97305:8547170] TSM AdjustCapsLockLEDForKeyTransitionHandling - _ISSetPhysicalKeyboardCapsLockLED Inhibit
JavaScript warning: https://www.ic.net.cn/media/javascript/q.js?v=1616807238, line 1: WEBGL_debug_renderer_info is deprecated in Firefox and will be removed. Please use RENDERER.
JavaScript warning: https://www.ic.net.cn/media/javascript/q.js?v=1616807238, line 1: WEBGL_debug_renderer_info is deprecated in Firefox and will be removed. Please use RENDERER.
JavaScript warning: https://www.ic.net.cn/media/javascript/q.js?v=1616807238, line 1: WEBGL_debug_renderer_info is deprecated in Firefox and will be removed. Please use RENDERER.
1676942489725	Marionette	INFO	Stopped listening on port 53932
JavaScript error: , line 0: AbortError: A request was aborted, for example through a call to IDBTransaction.abort.
JavaScript error: , line 0: uncaught exception: null
JavaScript error: , line 0: uncaught exception: null
console.warn: TopSitesFeed: Failed to fetch data from Contile server: NetworkError when attempting to fetch resource.
1678679178667	geckodriver	INFO	Listening on 127.0.0.1:56980
1678679179110	mozrunner::runner	INFO	Running command: "/Applications/Firefox.app/Contents/MacOS/firefox-bin" "--marionette" "--remote-debugging-port" "56981" "--remote-allow-hosts" "localhost" "-foreground" "-no-remote" "-profile" "/var/folders/jc/x8nf5scd28v4wrbkt9l72vd00000gn/T/rust_mozprofiled4lcED"
1678679179551	Marionette	INFO	Marionette enabled
1678679179605	Marionette	INFO	Listening on port 56989
Read port: 56989
2023-03-13 11:46:19.652 plugin-container[74651:21456185] nil host used in call to allowsSpecificHTTPSCertificateForHost
2023-03-13 11:46:19.652 plugin-container[74651:21456185] nil host used in call to allowsAnyHTTPSCertificateForHost:
2023-03-13 11:46:19.661 plugin-container[74651:21456185] nil host used in call to allowsSpecificHTTPSCertificateForHost
2023-03-13 11:46:19.662 plugin-container[74651:21456185] nil host used in call to allowsAnyHTTPSCertificateForHost:
2023-03-13 11:46:19.662 plugin-container[74651:21456183] nil host used in call to allowsSpecificHTTPSCertificateForHost
2023-03-13 11:46:19.662 plugin-container[74651:21456183] nil host used in call to allowsAnyHTTPSCertificateForHost:
WebDriver BiDi listening on ws://127.0.0.1:56981
1678679179705	RemoteAgent	WARN	TLS certificate errors will be ignored for this session
UNSUPPORTED (log once): POSSIBLE ISSUE: unit 1 GLD_TEXTURE_INDEX_2D is unloadable and bound to sampler type (Float) - using zero texture because texture unloadable
console.warn: SearchSettings: "get: No settings file exists, new profile?" (new NotFoundError("Could not open the file at /var/folders/jc/x8nf5scd28v4wrbkt9l72vd00000gn/T/rust_mozprofiled4lcED/search.json.mozlz4", (void 0)))
DevTools listening on ws://127.0.0.1:56981/devtools/browser/5de2ee99-8b83-4a86-8e65-2655e74e5cff
1678679313763	geckodriver	INFO	Listening on 127.0.0.1:57068
1678679314269	mozrunner::runner	INFO	Running command: "/Applications/Firefox.app/Contents/MacOS/firefox-bin" "--marionette" "--remote-debugging-port" "57069" "--remote-allow-hosts" "localhost" "-foreground" "-no-remote" "-profile" "/var/folders/jc/x8nf5scd28v4wrbkt9l72vd00000gn/T/rust_mozprofile0e7C9d"
1678679314608	Marionette	INFO	Marionette enabled
2023-03-13 11:48:34.680 plugin-container[76821:21466452] nil host used in call to allowsSpecificHTTPSCertificateForHost
2023-03-13 11:48:34.681 plugin-container[76821:21466452] nil host used in call to allowsAnyHTTPSCertificateForHost:
2023-03-13 11:48:34.682 plugin-container[76821:21466452] nil host used in call to allowsSpecificHTTPSCertificateForHost
2023-03-13 11:48:34.682 plugin-container[76821:21466452] nil host used in call to allowsAnyHTTPSCertificateForHost:
2023-03-13 11:48:34.682 plugin-container[76821:21466463] nil host used in call to allowsSpecificHTTPSCertificateForHost
2023-03-13 11:48:34.682 plugin-container[76821:21466463] nil host used in call to allowsAnyHTTPSCertificateForHost:
1678679314750	Marionette	INFO	Listening on port 57077
Read port: 57077
WebDriver BiDi listening on ws://127.0.0.1:57069
1678679314815	RemoteAgent	WARN	TLS certificate errors will be ignored for this session
UNSUPPORTED (log once): POSSIBLE ISSUE: unit 1 GLD_TEXTURE_INDEX_2D is unloadable and bound to sampler type (Float) - using zero texture because texture unloadable
console.warn: SearchSettings: "get: No settings file exists, new profile?" (new NotFoundError("Could not open the file at /var/folders/jc/x8nf5scd28v4wrbkt9l72vd00000gn/T/rust_mozprofile0e7C9d/search.json.mozlz4", (void 0)))
DevTools listening on ws://127.0.0.1:57069/devtools/browser/eb4b2d90-2162-4334-b6f9-54c13a799238
1678679316178	Marionette	WARN	Ignoring event 'DOMContentLoaded' because document has an invalid readyState of 'complete'.
Exiting due to channel error.
Exiting due to channel error.
Exiting due to channel error.
1678679408053	geckodriver	INFO	Listening on 127.0.0.1:57126
1678679408058	mozrunner::runner	INFO	Running command: "/Applications/Firefox.app/Contents/MacOS/firefox-bin" "--marionette" "--remote-debugging-port" "57127" "--remote-allow-hosts" "localhost" "-foreground" "-no-remote" "-profile" "/var/folders/jc/x8nf5scd28v4wrbkt9l72vd00000gn/T/rust_mozprofilebaMyJw"
1678679408409	Marionette	INFO	Marionette enabled
1678679408459	Marionette	INFO	Listening on port 57132
Read port: 57132
2023-03-13 11:50:08.483 plugin-container[78324:21473373] nil host used in call to allowsSpecificHTTPSCertificateForHost
2023-03-13 11:50:08.483 plugin-container[78324:21473373] nil host used in call to allowsAnyHTTPSCertificateForHost:
2023-03-13 11:50:08.498 plugin-container[78324:21473373] nil host used in call to allowsSpecificHTTPSCertificateForHost
2023-03-13 11:50:08.499 plugin-container[78324:21473373] nil host used in call to allowsAnyHTTPSCertificateForHost:
2023-03-13 11:50:08.499 plugin-container[78324:21473380] nil host used in call to allowsSpecificHTTPSCertificateForHost
2023-03-13 11:50:08.499 plugin-container[78324:21473380] nil host used in call to allowsAnyHTTPSCertificateForHost:
WebDriver BiDi listening on ws://127.0.0.1:57127
1678679408572	RemoteAgent	WARN	TLS certificate errors will be ignored for this session
UNSUPPORTED (log once): POSSIBLE ISSUE: unit 1 GLD_TEXTURE_INDEX_2D is unloadable and bound to sampler type (Float) - using zero texture because texture unloadable
console.warn: SearchSettings: "get: No settings file exists, new profile?" (new NotFoundError("Could not open the file at /var/folders/jc/x8nf5scd28v4wrbkt9l72vd00000gn/T/rust_mozprofilebaMyJw/search.json.mozlz4", (void 0)))
DevTools listening on ws://127.0.0.1:57127/devtools/browser/5ee6f73d-66fb-4222-9de1-db7c6234147b
1678679409801	Marionette	WARN	Ignoring event 'DOMContentLoaded' because document has an invalid readyState of 'complete'.
2023-03-13 11:50:24.209 firefox-bin[78319:21473258] TSM AdjustCapsLockLEDForKeyTransitionHandling - _ISSetPhysicalKeyboardCapsLockLED Inhibit
Exiting due to channel error.
Exiting due to channel error.
Exiting due to channel error.
1678679436239	geckodriver	INFO	Listening on 127.0.0.1:57208
1678679436243	mozrunner::runner	INFO	Running command: "/Applications/Firefox.app/Contents/MacOS/firefox-bin" "--marionette" "--remote-debugging-port" "57209" "--remote-allow-hosts" "localhost" "-foreground" "-no-remote" "-profile" "/var/folders/jc/x8nf5scd28v4wrbkt9l72vd00000gn/T/rust_mozprofilesJgPol"
1678679436516	Marionette	INFO	Marionette enabled
2023-03-13 11:50:36.579 plugin-container[78784:21475939] nil host used in call to allowsSpecificHTTPSCertificateForHost
2023-03-13 11:50:36.579 plugin-container[78784:21475939] nil host used in call to allowsAnyHTTPSCertificateForHost:
2023-03-13 11:50:36.582 plugin-container[78784:21475939] nil host used in call to allowsSpecificHTTPSCertificateForHost
2023-03-13 11:50:36.582 plugin-container[78784:21475939] nil host used in call to allowsAnyHTTPSCertificateForHost:
2023-03-13 11:50:36.582 plugin-container[78784:21475937] nil host used in call to allowsSpecificHTTPSCertificateForHost
2023-03-13 11:50:36.582 plugin-container[78784:21475937] nil host used in call to allowsAnyHTTPSCertificateForHost:
1678679436653	Marionette	INFO	Listening on port 57214
Read port: 57214
WebDriver BiDi listening on ws://127.0.0.1:57209
1678679436725	RemoteAgent	WARN	TLS certificate errors will be ignored for this session
UNSUPPORTED (log once): POSSIBLE ISSUE: unit 1 GLD_TEXTURE_INDEX_2D is unloadable and bound to sampler type (Float) - using zero texture because texture unloadable
console.warn: SearchSettings: "get: No settings file exists, new profile?" (new NotFoundError("Could not open the file at /var/folders/jc/x8nf5scd28v4wrbkt9l72vd00000gn/T/rust_mozprofilesJgPol/search.json.mozlz4", (void 0)))
DevTools listening on ws://127.0.0.1:57209/devtools/browser/bc124943-4a81-462e-a092-6cb170bb913a
1678679437865	Marionette	WARN	Ignoring event 'DOMContentLoaded' because document has an invalid readyState of 'complete'.
Exiting due to channel error.
Exiting due to channel error.
Exiting due to channel error.
1678679456686	geckodriver	INFO	Listening on 127.0.0.1:57252
1678679456691	mozrunner::runner	INFO	Running command: "/Applications/Firefox.app/Contents/MacOS/firefox-bin" "--marionette" "--remote-debugging-port" "57253" "--remote-allow-hosts" "localhost" "-foreground" "-no-remote" "-profile" "/var/folders/jc/x8nf5scd28v4wrbkt9l72vd00000gn/T/rust_mozprofileCAqr3R"
1678679456981	Marionette	INFO	Marionette enabled
1678679457026	Marionette	INFO	Listening on port 57258
2023-03-13 11:50:57.048 plugin-container[79127:21477815] nil host used in call to allowsSpecificHTTPSCertificateForHost
2023-03-13 11:50:57.048 plugin-container[79127:21477815] nil host used in call to allowsAnyHTTPSCertificateForHost:
2023-03-13 11:50:57.050 plugin-container[79127:21477815] nil host used in call to allowsSpecificHTTPSCertificateForHost
2023-03-13 11:50:57.050 plugin-container[79127:21477815] nil host used in call to allowsAnyHTTPSCertificateForHost:
2023-03-13 11:50:57.051 plugin-container[79127:21477808] nil host used in call to allowsSpecificHTTPSCertificateForHost
2023-03-13 11:50:57.051 plugin-container[79127:21477808] nil host used in call to allowsAnyHTTPSCertificateForHost:
WebDriver BiDi listening on ws://127.0.0.1:57253
Read port: 57258
1678679457229	RemoteAgent	WARN	TLS certificate errors will be ignored for this session
UNSUPPORTED (log once): POSSIBLE ISSUE: unit 1 GLD_TEXTURE_INDEX_2D is unloadable and bound to sampler type (Float) - using zero texture because texture unloadable
console.warn: SearchSettings: "get: No settings file exists, new profile?" (new NotFoundError("Could not open the file at /var/folders/jc/x8nf5scd28v4wrbkt9l72vd00000gn/T/rust_mozprofileCAqr3R/search.json.mozlz4", (void 0)))
DevTools listening on ws://127.0.0.1:57253/devtools/browser/4e6e7ad1-5f5e-4116-9d5d-765cfe31ced7
1678679530872	geckodriver	INFO	Listening on 127.0.0.1:57314
1678679531387	mozrunner::runner	INFO	Running command: "/Applications/Firefox.app/Contents/MacOS/firefox-bin" "--marionette" "--remote-debugging-port" "57315" "--remote-allow-hosts" "localhost" "-foreground" "-no-remote" "-profile" "/var/folders/jc/x8nf5scd28v4wrbkt9l72vd00000gn/T/rust_mozprofilelxnxNh"
1678679531788	Marionette	INFO	Marionette enabled
1678679531846	Marionette	INFO	Listening on port 57322
2023-03-13 11:52:11.867 plugin-container[79238:21478907] nil host used in call to allowsSpecificHTTPSCertificateForHost
2023-03-13 11:52:11.868 plugin-container[79238:21478907] nil host used in call to allowsAnyHTTPSCertificateForHost:
2023-03-13 11:52:11.885 plugin-container[79238:21478907] nil host used in call to allowsSpecificHTTPSCertificateForHost
2023-03-13 11:52:11.885 plugin-container[79238:21478907] nil host used in call to allowsAnyHTTPSCertificateForHost:
2023-03-13 11:52:11.886 plugin-container[79238:21478920] nil host used in call to allowsSpecificHTTPSCertificateForHost
2023-03-13 11:52:11.886 plugin-container[79238:21478920] nil host used in call to allowsAnyHTTPSCertificateForHost:
Read port: 57322
WebDriver BiDi listening on ws://127.0.0.1:57315
1678679532011	RemoteAgent	WARN	TLS certificate errors will be ignored for this session
UNSUPPORTED (log once): POSSIBLE ISSUE: unit 1 GLD_TEXTURE_INDEX_2D is unloadable and bound to sampler type (Float) - using zero texture because texture unloadable
console.warn: SearchSettings: "get: No settings file exists, new profile?" (new NotFoundError("Could not open the file at /var/folders/jc/x8nf5scd28v4wrbkt9l72vd00000gn/T/rust_mozprofilelxnxNh/search.json.mozlz4", (void 0)))
DevTools listening on ws://127.0.0.1:57315/devtools/browser/c96e0905-6c62-432a-b25e-fa90be857fd3
console.warn: LoginRecipes: "Falling back to a synchronous message for: https://member.ic.net.cn."
JavaScript error: https://im.ic.net.cn/media/templates/ui/search_imbox.html?callback=success_jsonpCallback&_=1678679552576, line 1: SyntaxError: expected expression, got '<'
[GFX1-]: Unrecognized feature ACCELERATED_CANVAS2D
1678679711023	Marionette	INFO	Stopped listening on port 57258
1678679714090	Marionette	INFO	Stopped listening on port 56989
JavaScript warning: https://icpi.ic.net.cn/media/javascript/q.js?v=1616807239, line 1: WEBGL_debug_renderer_info is deprecated in Firefox and will be removed. Please use RENDERER.
1678679844361	Marionette	WARN	Ignoring event 'DOMContentLoaded' because document has an invalid readyState of 'complete'.
[GFX1-]: Unrecognized feature ACCELERATED_CANVAS2D
JavaScript warning: https://icpi.ic.net.cn/media/javascript/q.js?v=1616807239, line 1: WEBGL_debug_renderer_info is deprecated in Firefox and will be removed. Please use RENDERER.
2023-03-13 13:33:31.810 firefox-bin[79236:21478799] TSM AdjustCapsLockLEDForKeyTransitionHandling - _ISSetPhysicalKeyboardCapsLockLED Inhibit
JavaScript warning: https://icpi.ic.net.cn/media/javascript/q.js?v=1616807239, line 1: WEBGL_debug_renderer_info is deprecated in Firefox and will be removed. Please use RENDERER.
JavaScript warning: https://icpi.ic.net.cn/media/javascript/q.js?v=1616807239, line 1: WEBGL_debug_renderer_info is deprecated in Firefox and will be removed. Please use RENDERER.
JavaScript error: resource://gre/modules/XULStore.jsm, line 58: Error: Can't find profile directory.
JavaScript warning: https://icpi.ic.net.cn/media/javascript/q.js?v=1616807239, line 1: WEBGL_debug_renderer_info is deprecated in Firefox and will be removed. Please use RENDERER.
JavaScript warning: https://icpi.ic.net.cn/media/javascript/q.js?v=1616807239, line 1: WEBGL_debug_renderer_info is deprecated in Firefox and will be removed. Please use RENDERER.
1678686557126	Marionette	INFO	Stopped listening on port 57322
console.warn: TopSitesFeed: Failed to fetch data from Contile server: NetworkError when attempting to fetch resource.
1678687314105	geckodriver	INFO	Listening on 127.0.0.1:59230
1678687314620	mozrunner::runner	INFO	Running command: "/Applications/Firefox.app/Contents/MacOS/firefox-bin" "--marionette" "--remote-debugging-port" "59231" "--remote-allow-hosts" "localhost" "-foreground" "-no-remote" "-profile" "/var/folders/jc/x8nf5scd28v4wrbkt9l72vd00000gn/T/rust_mozprofileSKlNNr"
1678687315005	Marionette	INFO	Marionette enabled
1678687315053	Marionette	INFO	Listening on port 59238
2023-03-13 14:01:55.077 plugin-container[84228:21530153] nil host used in call to allowsSpecificHTTPSCertificateForHost
2023-03-13 14:01:55.077 plugin-container[84228:21530153] nil host used in call to allowsAnyHTTPSCertificateForHost:
2023-03-13 14:01:55.090 plugin-container[84228:21530153] nil host used in call to allowsSpecificHTTPSCertificateForHost
2023-03-13 14:01:55.090 plugin-container[84228:21530153] nil host used in call to allowsAnyHTTPSCertificateForHost:
2023-03-13 14:01:55.090 plugin-container[84228:21530151] nil host used in call to allowsSpecificHTTPSCertificateForHost
2023-03-13 14:01:55.090 plugin-container[84228:21530151] nil host used in call to allowsAnyHTTPSCertificateForHost:
WebDriver BiDi listening on ws://127.0.0.1:59231
Read port: 59238
1678687315285	RemoteAgent	WARN	TLS certificate errors will be ignored for this session
UNSUPPORTED (log once): POSSIBLE ISSUE: unit 1 GLD_TEXTURE_INDEX_2D is unloadable and bound to sampler type (Float) - using zero texture because texture unloadable
console.warn: SearchSettings: "get: No settings file exists, new profile?" (new NotFoundError("Could not open the file at /var/folders/jc/x8nf5scd28v4wrbkt9l72vd00000gn/T/rust_mozprofileSKlNNr/search.json.mozlz4", (void 0)))
DevTools listening on ws://127.0.0.1:59231/devtools/browser/d1cc7a3d-7499-4269-b685-71370db3600a
console.warn: LoginRecipes: "Falling back to a synchronous message for: https://member.ic.net.cn."
JavaScript error: https://im.ic.net.cn/media/templates/ui/search_imbox.html?callback=success_jsonpCallback&_=1678687349097, line 1: SyntaxError: expected expression, got '<'
JavaScript warning: https://icpi.ic.net.cn/media/javascript/q.js?v=1616807239, line 1: WEBGL_debug_renderer_info is deprecated in Firefox and will be removed. Please use RENDERER.
1678687589839	Marionette	WARN	Ignoring event 'DOMContentLoaded' because document has an invalid readyState of 'complete'.
[GFX1-]: Unrecognized feature ACCELERATED_CANVAS2D
1678688443655	geckodriver	INFO	Listening on 127.0.0.1:60168
1678688444163	mozrunner::runner	INFO	Running command: "/Applications/Firefox.app/Contents/MacOS/firefox-bin" "--marionette" "--headless" "blink-settings=imagesEnabled=false" "--remote-debugging-port" "60169" "--remote-allow-hosts" "localhost" "-foreground" "-no-remote" "-profile" "/var/folders/jc/x8nf5scd28v4wrbkt9l72vd00000gn/T/rust_mozprofilejy9ex7"
*** You are running in headless mode.
1678688444449	Marionette	INFO	Marionette enabled
1678688444477	Marionette	INFO	Listening on port 60176
Read port: 60176
2023-03-13 14:20:44.501 plugin-container[93057:21575074] nil host used in call to allowsSpecificHTTPSCertificateForHost
2023-03-13 14:20:44.501 plugin-container[93057:21575074] nil host used in call to allowsAnyHTTPSCertificateForHost:
2023-03-13 14:20:44.504 plugin-container[93057:21575074] nil host used in call to allowsSpecificHTTPSCertificateForHost
2023-03-13 14:20:44.504 plugin-container[93057:21575074] nil host used in call to allowsAnyHTTPSCertificateForHost:
2023-03-13 14:20:44.504 plugin-container[93057:21575076] nil host used in call to allowsSpecificHTTPSCertificateForHost
2023-03-13 14:20:44.504 plugin-container[93057:21575076] nil host used in call to allowsAnyHTTPSCertificateForHost:
WebDriver BiDi listening on ws://127.0.0.1:60169
1678688444607	RemoteAgent	WARN	TLS certificate errors will be ignored for this session
[GFX1-]: RenderCompositorSWGL failed mapping default framebuffer, no dt
console.warn: SearchSettings: "get: No settings file exists, new profile?" (new NotFoundError("Could not open the file at /var/folders/jc/x8nf5scd28v4wrbkt9l72vd00000gn/T/rust_mozprofilejy9ex7/search.json.mozlz4", (void 0)))
DevTools listening on ws://127.0.0.1:60169/devtools/browser/66924dd9-0369-4972-82fb-b12fea0ea3d4
console.warn: LoginRecipes: "Falling back to a synchronous message for: https://member.ic.net.cn."
JavaScript error: https://im.ic.net.cn/media/templates/ui/search_imbox.html?callback=success_jsonpCallback&_=1678688475124, line 1: SyntaxError: expected expression, got '<'
JavaScript warning: https://icpi.ic.net.cn/media/javascript/q.js?v=1616807239, line 1: WEBGL_debug_renderer_info is deprecated in Firefox and will be removed. Please use RENDERER.
1678688704079	Marionette	WARN	Ignoring event 'DOMContentLoaded' because document has an invalid readyState of 'complete'.
[GFX1-]: Unrecognized feature ACCELERATED_CANVAS2D
1678694644291	Marionette	INFO	Stopped listening on port 59238
1678698518372	geckodriver	INFO	Listening on 127.0.0.1:62899
1678698518875	mozrunner::runner	INFO	Running command: "/Applications/Firefox.app/Contents/MacOS/firefox-bin" "--marionette" "--headless" "blink-settings=imagesEnabled=false" "--remote-debugging-port" "62900" "--remote-allow-hosts" "localhost" "-foreground" "-no-remote" "-profile" "/var/folders/jc/x8nf5scd28v4wrbkt9l72vd00000gn/T/rust_mozprofileryvLp4"
*** You are running in headless mode.
1678698519164	Marionette	INFO	Marionette enabled
1678698519196	Marionette	INFO	Listening on port 62907
2023-03-13 17:08:39.226 plugin-container[27160:21762971] nil host used in call to allowsSpecificHTTPSCertificateForHost
2023-03-13 17:08:39.227 plugin-container[27160:21762971] nil host used in call to allowsAnyHTTPSCertificateForHost:
2023-03-13 17:08:39.241 plugin-container[27160:21762971] nil host used in call to allowsSpecificHTTPSCertificateForHost
2023-03-13 17:08:39.241 plugin-container[27160:21762971] nil host used in call to allowsAnyHTTPSCertificateForHost:
2023-03-13 17:08:39.241 plugin-container[27160:21762975] nil host used in call to allowsSpecificHTTPSCertificateForHost
2023-03-13 17:08:39.241 plugin-container[27160:21762975] nil host used in call to allowsAnyHTTPSCertificateForHost:
Read port: 62907
WebDriver BiDi listening on ws://127.0.0.1:62900
1678698519330	RemoteAgent	WARN	TLS certificate errors will be ignored for this session
[GFX1-]: RenderCompositorSWGL failed mapping default framebuffer, no dt
console.warn: SearchSettings: "get: No settings file exists, new profile?" (new NotFoundError("Could not open the file at /var/folders/jc/x8nf5scd28v4wrbkt9l72vd00000gn/T/rust_mozprofileryvLp4/search.json.mozlz4", (void 0)))
DevTools listening on ws://127.0.0.1:62900/devtools/browser/d4091b4b-89a2-4de7-b932-e722a0a97237
console.warn: LoginRecipes: "Falling back to a synchronous message for: https://member.ic.net.cn."
JavaScript error: https://im.ic.net.cn/media/templates/ui/search_imbox.html?callback=success_jsonpCallback&_=1678698555421, line 1: SyntaxError: expected expression, got '<'
JavaScript warning: https://icpi.ic.net.cn/media/javascript/q.js?v=1616807239, line 1: WEBGL_debug_renderer_info is deprecated in Firefox and will be removed. Please use RENDERER.
1678698860217	Marionette	WARN	Ignoring event 'DOMContentLoaded' because document has an invalid readyState of 'complete'.
[GFX1-]: Unrecognized feature ACCELERATED_CANVAS2D
console.error: services.settings: 
  security-state/cert-revocations Signature failed  TypeError: NetworkError: Network request failed
console.error: services.settings: 
  Message: NetworkError: Network error: TypeError: NetworkError: Network request failed
  Stack:
    APIError@resource://services-settings/RemoteSettingsClient.jsm:116:1
NetworkError@resource://services-settings/RemoteSettingsClient.jsm:120:5
_adjustedError@resource://services-settings/RemoteSettingsClient.jsm:883:14
maybeSync@resource://services-settings/RemoteSettingsClient.jsm:788:38

console.error: (new NetworkError("Network error: TypeError: NetworkError: Network request failed", "resource://services-settings/RemoteSettingsClient.jsm", 116))
Exiting due to channel error.
Exiting due to channel error.
Exiting due to channel error.
Exiting due to channel error.
Exiting due to channel error.
Exiting due to channel error.
1693314397013	geckodriver	INFO	Listening on 127.0.0.1:60995
1693314397555	mozrunner::runner	INFO	Running command: "/Applications/Firefox.app/Contents/MacOS/firefox-bin" "--marionette" "--headless" "blink-settings=imagesEnabled=false" "--remote-debugging-port" "60996" "--remote-allow-hosts" "localhost" "-foreground" "-no-remote" "-profile" "/var/folders/jc/x8nf5scd28v4wrbkt9l72vd00000gn/T/rust_mozprofilex6khdl"
*** You are running in headless mode.
1693314397882	Marionette	INFO	Marionette enabled
1693314397918	Marionette	INFO	Listening on port 61003
2023-08-29 21:06:37.976 plugin-container[82245:854324] nil host used in call to allowsSpecificHTTPSCertificateForHost
2023-08-29 21:06:37.976 plugin-container[82245:854324] nil host used in call to allowsAnyHTTPSCertificateForHost:
Read port: 61003
2023-08-29 21:06:37.986 plugin-container[82245:854324] nil host used in call to allowsSpecificHTTPSCertificateForHost
2023-08-29 21:06:37.986 plugin-container[82245:854324] nil host used in call to allowsAnyHTTPSCertificateForHost:
2023-08-29 21:06:37.986 plugin-container[82245:854322] nil host used in call to allowsSpecificHTTPSCertificateForHost
2023-08-29 21:06:37.986 plugin-container[82245:854322] nil host used in call to allowsAnyHTTPSCertificateForHost:
WebDriver BiDi listening on ws://127.0.0.1:60996
1693314398048	RemoteAgent	WARN	TLS certificate errors will be ignored for this session
[GFX1-]: RenderCompositorSWGL failed mapping default framebuffer, no dt
console.warn: SearchSettings: "get: No settings file exists, new profile?" (new NotFoundError("Could not open the file at /var/folders/jc/x8nf5scd28v4wrbkt9l72vd00000gn/T/rust_mozprofilex6khdl/search.json.mozlz4", (void 0)))
DevTools listening on ws://127.0.0.1:60996/devtools/browser/63b5d157-c6b9-46c6-8c7b-7e08021faf9d
console.warn: LoginRecipes: "Falling back to a synchronous message for: https://member.ic.net.cn."
JavaScript error: https://im.ic.net.cn/media/templates/ui/search_imbox.html?callback=success_jsonpCallback&_=1693314427072, line 1: SyntaxError: expected expression, got '<'
[GFX1-]: Unrecognized feature ACCELERATED_CANVAS2D
console.error: "Problem getting stored prefs for TopSites"
JavaScript error: , line 0: uncaught exception: null
console.error: "Problem getting stored prefs for TopSites"
JavaScript error: , line 0: uncaught exception: null
console.error: "Problem getting stored prefs for TopSites"
JavaScript error: , line 0: uncaught exception: null
console.error: "Problem getting stored prefs for TopSites"
JavaScript error: , line 0: uncaught exception: null
console.error: "Problem getting stored prefs for TopSites"
JavaScript error: , line 0: uncaught exception: null
console.error: "Problem getting stored prefs for TopSites"
JavaScript error: , line 0: uncaught exception: null
console.error: "Problem getting stored prefs for TopSites"
JavaScript error: , line 0: uncaught exception: null
console.error: "Problem getting stored prefs for TopSites"
JavaScript error: , line 0: uncaught exception: null
console.error: "Problem getting stored prefs for TopSites"
JavaScript error: , line 0: uncaught exception: null
console.error: "Problem getting stored prefs for TopSites"
JavaScript error: , line 0: uncaught exception: null
console.error: "Problem getting stored prefs for TopSites"
JavaScript error: , line 0: uncaught exception: null
console.error: "Problem getting stored prefs for TopSites"
JavaScript error: , line 0: uncaught exception: null
JavaScript error: , line 0: uncaught exception: Object
JavaScript error: , line 0: uncaught exception: Object
JavaScript error: , line 0: uncaught exception: Object
console.error: "Problem getting stored prefs for TopSites"
JavaScript error: , line 0: uncaught exception: null
console.error: "Problem getting stored prefs for TopSites"
JavaScript error: , line 0: uncaught exception: null
console.error: "Problem getting stored prefs for TopSites"
JavaScript error: , line 0: uncaught exception: null
console.error: "Problem getting stored prefs for TopSites"
JavaScript error: , line 0: uncaught exception: null
console.error: "Problem getting stored prefs for TopSites"
JavaScript error: , line 0: uncaught exception: null
console.error: "Problem getting stored prefs for TopSites"
JavaScript error: , line 0: uncaught exception: null
console.error: "Problem getting stored prefs for TopSites"
JavaScript error: , line 0: uncaught exception: null
console.error: "Problem getting stored prefs for TopSites"
JavaScript error: , line 0: uncaught exception: null
console.error: "Problem getting stored prefs for TopSites"
JavaScript error: , line 0: uncaught exception: null
console.error: "Problem getting stored prefs for TopSites"
JavaScript error: , line 0: uncaught exception: null
console.error: "Problem getting stored prefs for TopSites"
JavaScript error: , line 0: uncaught exception: null
console.error: "Problem getting stored prefs for TopSites"
JavaScript error: , line 0: uncaught exception: null
console.error: "Problem getting stored prefs for TopSites"
JavaScript error: , line 0: uncaught exception: null
console.error: "Problem getting stored prefs for TopSites"
JavaScript error: , line 0: uncaught exception: null
console.error: "Problem getting stored prefs for TopSites"
JavaScript error: , line 0: uncaught exception: null
console.error: "Problem getting stored prefs for TopSites"
JavaScript error: , line 0: uncaught exception: null
console.error: "Problem getting stored prefs for TopSites"
JavaScript error: , line 0: uncaught exception: null
console.error: "Problem getting stored prefs for TopSites"
JavaScript error: , line 0: uncaught exception: null
console.error: "Problem getting stored prefs for TopSites"
JavaScript error: , line 0: uncaught exception: null
console.error: "Problem getting stored prefs for TopSites"
JavaScript error: , line 0: uncaught exception: null
console.error: "Problem getting stored prefs for TopSites"
JavaScript error: , line 0: uncaught exception: null
console.error: "Problem getting stored prefs for TopSites"
JavaScript error: , line 0: uncaught exception: null
console.error: "Problem getting stored prefs for TopSites"
JavaScript error: , line 0: uncaught exception: null
console.error: "Problem getting stored prefs for TopSites"
JavaScript error: , line 0: uncaught exception: null
console.error: "Problem getting stored prefs for TopSites"
JavaScript error: , line 0: uncaught exception: null
console.error: "Problem getting stored prefs for TopSites"
JavaScript error: , line 0: uncaught exception: null
console.error: "Problem getting stored prefs for TopSites"
JavaScript error: , line 0: uncaught exception: null
console.error: "Problem getting stored prefs for TopSites"
JavaScript error: , line 0: uncaught exception: null
console.error: "Problem getting stored prefs for TopSites"
JavaScript error: , line 0: uncaught exception: null
console.error: "Problem getting stored prefs for TopSites"
JavaScript error: , line 0: uncaught exception: null
console.error: "Problem getting stored prefs for TopSites"
JavaScript error: , line 0: uncaught exception: null
console.error: "Problem getting stored prefs for TopSites"
JavaScript error: , line 0: uncaught exception: null
console.error: "Problem getting stored prefs for TopSites"
JavaScript error: , line 0: uncaught exception: null
console.error: "Problem getting stored prefs for TopSites"
JavaScript error: , line 0: uncaught exception: null
console.error: "Problem getting stored prefs for TopSites"
JavaScript error: , line 0: uncaught exception: null
console.error: "Problem getting stored prefs for TopSites"
JavaScript error: , line 0: uncaught exception: null
console.error: "Problem getting stored prefs for TopSites"
JavaScript error: , line 0: uncaught exception: null
console.error: "Problem getting stored prefs for TopSites"
JavaScript error: , line 0: uncaught exception: null
console.error: "Problem getting stored prefs for TopSites"
JavaScript error: , line 0: uncaught exception: null
console.error: "Problem getting stored prefs for TopSites"
JavaScript error: , line 0: uncaught exception: null
console.error: "Problem getting stored prefs for TopSites"
JavaScript error: , line 0: uncaught exception: null
console.error: "Problem getting stored prefs for TopSites"
JavaScript error: , line 0: uncaught exception: null
console.error: "Problem getting stored prefs for TopSites"
JavaScript error: , line 0: uncaught exception: null
console.error: "Problem getting stored prefs for TopSites"
JavaScript error: , line 0: uncaught exception: null
console.error: "Problem getting stored prefs for TopSites"
JavaScript error: , line 0: uncaught exception: null
console.error: "Problem getting stored prefs for TopSites"
JavaScript error: , line 0: uncaught exception: null
console.error: "Problem getting stored prefs for TopSites"
JavaScript error: , line 0: uncaught exception: null
console.error: "Problem getting stored prefs for TopSites"
JavaScript error: , line 0: uncaught exception: null
console.error: "Problem getting stored prefs for TopSites"
JavaScript error: , line 0: uncaught exception: null
console.error: "Problem getting stored prefs for TopSites"
JavaScript error: , line 0: uncaught exception: null
console.error: "Problem getting stored prefs for TopSites"
JavaScript error: , line 0: uncaught exception: null
console.error: "Problem getting stored prefs for TopSites"
JavaScript error: , line 0: uncaught exception: null
console.error: "Problem getting stored prefs for TopSites"
JavaScript error: , line 0: uncaught exception: null
console.error: "Problem getting stored prefs for TopSites"
JavaScript error: , line 0: uncaught exception: null
console.error: "Problem getting stored prefs for TopSites"
JavaScript error: , line 0: uncaught exception: null
console.error: "Problem getting stored prefs for TopSites"
JavaScript error: , line 0: uncaught exception: null
console.error: "Problem getting stored prefs for TopSites"
JavaScript error: , line 0: uncaught exception: null
console.error: "Problem getting stored prefs for TopSites"
JavaScript error: , line 0: uncaught exception: null
console.error: "Problem getting stored prefs for TopSites"
JavaScript error: , line 0: uncaught exception: null
console.error: "Problem getting stored prefs for TopSites"
JavaScript error: , line 0: uncaught exception: null
console.error: "Problem getting stored prefs for TopSites"
JavaScript error: , line 0: uncaught exception: null
console.error: "Problem getting stored prefs for TopSites"
JavaScript error: , line 0: uncaught exception: null
console.error: "Problem getting stored prefs for TopSites"
JavaScript error: , line 0: uncaught exception: null
console.error: "Problem getting stored prefs for TopSites"
JavaScript error: , line 0: uncaught exception: null
console.error: "Problem getting stored prefs for TopSites"
JavaScript error: , line 0: uncaught exception: null
console.error: "Problem getting stored prefs for TopSites"
JavaScript error: , line 0: uncaught exception: null
console.error: "Problem getting stored prefs for TopSites"
JavaScript error: , line 0: uncaught exception: null
console.error: "Problem getting stored prefs for TopSites"
JavaScript error: , line 0: uncaught exception: null
console.error: "Problem getting stored prefs for TopSites"
JavaScript error: , line 0: uncaught exception: null
console.error: "Problem getting stored prefs for TopSites"
JavaScript error: , line 0: uncaught exception: null
console.error: "Problem getting stored prefs for TopSites"
JavaScript error: , line 0: uncaught exception: null
console.error: "Problem getting stored prefs for TopSites"
JavaScript error: , line 0: uncaught exception: null
console.error: "Problem getting stored prefs for TopSites"
JavaScript error: , line 0: uncaught exception: null
console.error: "Problem getting stored prefs for TopSites"
JavaScript error: , line 0: uncaught exception: null
console.error: "Problem getting stored prefs for TopSites"
JavaScript error: , line 0: uncaught exception: null
console.error: "Problem getting stored prefs for TopSites"
JavaScript error: , line 0: uncaught exception: null
console.error: "Problem getting stored prefs for TopSites"
JavaScript error: , line 0: uncaught exception: null
console.error: "Problem getting stored prefs for TopSites"
JavaScript error: , line 0: uncaught exception: null
console.error: "Problem getting stored prefs for TopSites"
JavaScript error: , line 0: uncaught exception: null
console.error: "Problem getting stored prefs for TopSites"
JavaScript error: , line 0: uncaught exception: null
console.error: "Problem getting stored prefs for TopSites"
JavaScript error: , line 0: uncaught exception: null
console.error: "Problem getting stored prefs for TopSites"
JavaScript error: , line 0: uncaught exception: null
console.error: "Problem getting stored prefs for TopSites"
JavaScript error: , line 0: uncaught exception: null
console.error: "Problem getting stored prefs for TopSites"
JavaScript error: , line 0: uncaught exception: null
console.error: "Problem getting stored prefs for TopSites"
JavaScript error: , line 0: uncaught exception: null
console.error: "Problem getting stored prefs for TopSites"
JavaScript error: , line 0: uncaught exception: null
console.error: "Problem getting stored prefs for TopSites"
JavaScript error: , line 0: uncaught exception: null
console.error: "Problem getting stored prefs for TopSites"
JavaScript error: , line 0: uncaught exception: null
console.error: "Problem getting stored prefs for TopSites"
JavaScript error: , line 0: uncaught exception: null
console.error: "Problem getting stored prefs for TopSites"
JavaScript error: , line 0: uncaught exception: null
console.error: "Problem getting stored prefs for TopSites"
JavaScript error: , line 0: uncaught exception: null
console.error: "Problem getting stored prefs for TopSites"
JavaScript error: , line 0: uncaught exception: null
console.error: "Problem getting stored prefs for TopSites"
JavaScript error: , line 0: uncaught exception: null
console.error: "Problem getting stored prefs for TopSites"
JavaScript error: , line 0: uncaught exception: null
console.error: "Problem getting stored prefs for TopSites"
JavaScript error: , line 0: uncaught exception: null
console.error: "Problem getting stored prefs for TopSites"
JavaScript error: , line 0: uncaught exception: null
console.error: "Problem getting stored prefs for TopSites"
JavaScript error: , line 0: uncaught exception: null
console.error: "Problem getting stored prefs for TopSites"
JavaScript error: , line 0: uncaught exception: null
console.error: "Problem getting stored prefs for TopSites"
JavaScript error: , line 0: uncaught exception: null
console.error: "Problem getting stored prefs for TopSites"
JavaScript error: , line 0: uncaught exception: null
console.error: "Problem getting stored prefs for TopSites"
JavaScript error: , line 0: uncaught exception: null
console.error: "Problem getting stored prefs for TopSites"
JavaScript error: , line 0: uncaught exception: null
console.error: "Problem getting stored prefs for TopSites"
JavaScript error: , line 0: uncaught exception: null
console.error: "Problem getting stored prefs for TopSites"
JavaScript error: , line 0: uncaught exception: null
console.error: "Problem getting stored prefs for TopSites"
JavaScript error: , line 0: uncaught exception: null
console.error: "Problem getting stored prefs for TopSites"
JavaScript error: , line 0: uncaught exception: null
console.error: "Problem getting stored prefs for TopSites"
JavaScript error: , line 0: uncaught exception: null
console.error: "Problem getting stored prefs for TopSites"
JavaScript error: , line 0: uncaught exception: null
console.error: "Problem getting stored prefs for TopSites"
JavaScript error: , line 0: uncaught exception: null
console.error: "Problem getting stored prefs for TopSites"
JavaScript error: , line 0: uncaught exception: null
console.error: "Problem getting stored prefs for TopSites"
JavaScript error: , line 0: uncaught exception: null
console.error: "Problem getting stored prefs for TopSites"
JavaScript error: , line 0: uncaught exception: null
console.error: "Problem getting stored prefs for TopSites"
JavaScript error: , line 0: uncaught exception: null
console.error: "Problem getting stored prefs for TopSites"
JavaScript error: , line 0: uncaught exception: null
console.error: "Problem getting stored prefs for TopSites"
JavaScript error: , line 0: uncaught exception: null
console.error: "Problem getting stored prefs for TopSites"
JavaScript error: , line 0: uncaught exception: null
console.error: "Problem getting stored prefs for TopSites"
JavaScript error: , line 0: uncaught exception: null
console.error: "Problem getting stored prefs for TopSites"
JavaScript error: , line 0: uncaught exception: null
console.error: "Problem getting stored prefs for TopSites"
JavaScript error: , line 0: uncaught exception: null
console.error: "Problem getting stored prefs for TopSites"
JavaScript error: , line 0: uncaught exception: null
console.error: "Problem getting stored prefs for TopSites"
JavaScript error: , line 0: uncaught exception: null
console.error: "Problem getting stored prefs for TopSites"
JavaScript error: , line 0: uncaught exception: null
console.error: "Problem getting stored prefs for TopSites"
JavaScript error: , line 0: uncaught exception: null
console.error: "Problem getting stored prefs for TopSites"
JavaScript error: , line 0: uncaught exception: null
console.error: "Problem getting stored prefs for TopSites"
JavaScript error: , line 0: uncaught exception: null
console.error: "Problem getting stored prefs for TopSites"
JavaScript error: , line 0: uncaught exception: null
console.error: "Problem getting stored prefs for TopSites"
JavaScript error: , line 0: uncaught exception: null
console.error: "Problem getting stored prefs for TopSites"
JavaScript error: , line 0: uncaught exception: null
console.error: "Problem getting stored prefs for TopSites"
JavaScript error: , line 0: uncaught exception: null
console.error: "Problem getting stored prefs for TopSites"
JavaScript error: , line 0: uncaught exception: null
console.error: "Problem getting stored prefs for TopSites"
JavaScript error: , line 0: uncaught exception: null
console.error: "Problem getting stored prefs for TopSites"
JavaScript error: , line 0: uncaught exception: null
console.error: "Problem getting stored prefs for TopSites"
JavaScript error: , line 0: uncaught exception: null
console.error: "Problem getting stored prefs for TopSites"
JavaScript error: , line 0: uncaught exception: null
console.error: "Problem getting stored prefs for TopSites"
JavaScript error: , line 0: uncaught exception: null
console.error: "Problem getting stored prefs for TopSites"
JavaScript error: , line 0: uncaught exception: null
console.error: "Problem getting stored prefs for TopSites"
JavaScript error: , line 0: uncaught exception: null
console.error: "Problem getting stored prefs for TopSites"
JavaScript error: , line 0: uncaught exception: null
console.error: "Problem getting stored prefs for TopSites"
JavaScript error: , line 0: uncaught exception: null
console.error: "Problem getting stored prefs for TopSites"
JavaScript error: , line 0: uncaught exception: null
console.error: "Problem getting stored prefs for TopSites"
JavaScript error: , line 0: uncaught exception: null
console.error: "Problem getting stored prefs for TopSites"
JavaScript error: , line 0: uncaught exception: null
console.error: "Problem getting stored prefs for TopSites"
JavaScript error: , line 0: uncaught exception: null
console.error: "Problem getting stored prefs for TopSites"
JavaScript error: , line 0: uncaught exception: null
console.error: "Problem getting stored prefs for TopSites"
JavaScript error: , line 0: uncaught exception: null
console.error: "Problem getting stored prefs for TopSites"
JavaScript error: , line 0: uncaught exception: null
console.error: "Problem getting stored prefs for TopSites"
JavaScript error: , line 0: uncaught exception: null
console.error: "Problem getting stored prefs for TopSites"
JavaScript error: , line 0: uncaught exception: null
console.error: "Problem getting stored prefs for TopSites"
JavaScript error: , line 0: uncaught exception: null
JavaScript error: , line 0: uncaught exception: Object
JavaScript error: , line 0: uncaught exception: Object
JavaScript error: , line 0: uncaught exception: Object
JavaScript error: , line 0: uncaught exception: Object
JavaScript error: , line 0: uncaught exception: Object
JavaScript error: , line 0: uncaught exception: Object
console.error: "Problem getting stored prefs for TopSites"
JavaScript error: , line 0: uncaught exception: null
console.error: "Problem getting stored prefs for TopSites"
JavaScript error: , line 0: uncaught exception: null
console.error: "Problem getting stored prefs for TopSites"
JavaScript error: , line 0: uncaught exception: null
console.error: "Problem getting stored prefs for TopSites"
JavaScript error: , line 0: uncaught exception: null
console.error: "Problem getting stored prefs for TopSites"
JavaScript error: , line 0: uncaught exception: null
console.error: "Problem getting stored prefs for TopSites"
JavaScript error: , line 0: uncaught exception: null
console.error: "Problem getting stored prefs for TopSites"
JavaScript error: , line 0: uncaught exception: null
console.error: "Problem getting stored prefs for TopSites"
JavaScript error: , line 0: uncaught exception: null
console.error: "Problem getting stored prefs for TopSites"
JavaScript error: , line 0: uncaught exception: null
console.error: "Problem getting stored prefs for TopSites"
JavaScript error: , line 0: uncaught exception: null
console.error: "Problem getting stored prefs for TopSites"
JavaScript error: , line 0: uncaught exception: null
console.error: "Problem getting stored prefs for TopSites"
JavaScript error: , line 0: uncaught exception: null
console.error: "Problem getting stored prefs for TopSites"
JavaScript error: , line 0: uncaught exception: null
console.error: "Problem getting stored prefs for TopSites"
JavaScript error: , line 0: uncaught exception: null
console.error: "Problem getting stored prefs for TopSites"
JavaScript error: , line 0: uncaught exception: null
console.error: "Problem getting stored prefs for TopSites"
JavaScript error: , line 0: uncaught exception: null
console.error: "Problem getting stored prefs for TopSites"
JavaScript error: , line 0: uncaught exception: null
console.error: "Problem getting stored prefs for TopSites"
JavaScript error: , line 0: uncaught exception: null
console.error: "Problem getting stored prefs for TopSites"
JavaScript error: , line 0: uncaught exception: null
console.error: "Problem getting stored prefs for TopSites"
JavaScript error: , line 0: uncaught exception: null
console.error: "Problem getting stored prefs for TopSites"
JavaScript error: , line 0: uncaught exception: null
console.error: "Problem getting stored prefs for TopSites"
JavaScript error: , line 0: uncaught exception: null
console.error: "Problem getting stored prefs for TopSites"
JavaScript error: , line 0: uncaught exception: null
console.error: "Problem getting stored prefs for TopSites"
JavaScript error: , line 0: uncaught exception: null
console.error: "Problem getting stored prefs for TopSites"
JavaScript error: , line 0: uncaught exception: null
console.error: "Problem getting stored prefs for TopSites"
JavaScript error: , line 0: uncaught exception: null
console.error: "Problem getting stored prefs for TopSites"
JavaScript error: , line 0: uncaught exception: null
console.error: "Problem getting stored prefs for TopSites"
JavaScript error: , line 0: uncaught exception: null
console.error: "Problem getting stored prefs for TopSites"
JavaScript error: , line 0: uncaught exception: null
console.error: "Problem getting stored prefs for TopSites"
JavaScript error: , line 0: uncaught exception: null
console.error: "Problem getting stored prefs for TopSites"
JavaScript error: , line 0: uncaught exception: null
console.error: "Problem getting stored prefs for TopSites"
JavaScript error: , line 0: uncaught exception: null
console.error: "Problem getting stored prefs for TopSites"
JavaScript error: , line 0: uncaught exception: null
console.error: "Problem getting stored prefs for TopSites"
JavaScript error: , line 0: uncaught exception: null
console.error: "Problem getting stored prefs for TopSites"
JavaScript error: , line 0: uncaught exception: null
console.error: "Problem getting stored prefs for TopSites"
JavaScript error: , line 0: uncaught exception: null
console.error: "Problem getting stored prefs for TopSites"
JavaScript error: , line 0: uncaught exception: null
console.error: "Problem getting stored prefs for TopSites"
JavaScript error: , line 0: uncaught exception: null
console.error: "Problem getting stored prefs for TopSites"
JavaScript error: , line 0: uncaught exception: null
console.error: "Problem getting stored prefs for TopSites"
JavaScript error: , line 0: uncaught exception: null
console.error: "Problem getting stored prefs for TopSites"
JavaScript error: , line 0: uncaught exception: null
console.error: "Problem getting stored prefs for TopSites"
JavaScript error: , line 0: uncaught exception: null
console.error: "Problem getting stored prefs for TopSites"
JavaScript error: , line 0: uncaught exception: null
console.error: "Problem getting stored prefs for TopSites"
JavaScript error: , line 0: uncaught exception: null
console.error: "Problem getting stored prefs for TopSites"
JavaScript error: , line 0: uncaught exception: null
console.error: "Problem getting stored prefs for TopSites"
JavaScript error: , line 0: uncaught exception: null
console.error: "Problem getting stored prefs for TopSites"
JavaScript error: , line 0: uncaught exception: null
console.error: "Problem getting stored prefs for TopSites"
JavaScript error: , line 0: uncaught exception: null
console.error: "Problem getting stored prefs for TopSites"
JavaScript error: , line 0: uncaught exception: null
console.error: "Problem getting stored prefs for TopSites"
JavaScript error: , line 0: uncaught exception: null
console.error: "Problem getting stored prefs for TopSites"
JavaScript error: , line 0: uncaught exception: null
console.error: "Problem getting stored prefs for TopSites"
JavaScript error: , line 0: uncaught exception: null
console.error: "Problem getting stored prefs for TopSites"
JavaScript error: , line 0: uncaught exception: null
console.error: "Problem getting stored prefs for TopSites"
JavaScript error: , line 0: uncaught exception: null
console.error: "Problem getting stored prefs for TopSites"
JavaScript error: , line 0: uncaught exception: null
console.error: "Problem getting stored prefs for TopSites"
JavaScript error: , line 0: uncaught exception: null
console.error: "Problem getting stored prefs for TopSites"
JavaScript error: , line 0: uncaught exception: null
console.error: "Problem getting stored prefs for TopSites"
JavaScript error: , line 0: uncaught exception: null
console.error: "Problem getting stored prefs for TopSites"
JavaScript error: , line 0: uncaught exception: null
console.error: "Problem getting stored prefs for TopSites"
JavaScript error: , line 0: uncaught exception: null
console.error: "Problem getting stored prefs for TopSites"
JavaScript error: , line 0: uncaught exception: null
console.error: "Problem getting stored prefs for TopSites"
JavaScript error: , line 0: uncaught exception: null
console.error: "Problem getting stored prefs for TopSites"
JavaScript error: , line 0: uncaught exception: null
console.error: "Problem getting stored prefs for TopSites"
JavaScript error: , line 0: uncaught exception: null
console.error: "Problem getting stored prefs for TopSites"
JavaScript error: , line 0: uncaught exception: null
console.error: "Problem getting stored prefs for TopSites"
JavaScript error: , line 0: uncaught exception: null
console.error: "Problem getting stored prefs for TopSites"
JavaScript error: , line 0: uncaught exception: null
console.error: "Problem getting stored prefs for TopSites"
JavaScript error: , line 0: uncaught exception: null
console.error: "Problem getting stored prefs for TopSites"
JavaScript error: , line 0: uncaught exception: null
console.error: "Problem getting stored prefs for TopSites"
JavaScript error: , line 0: uncaught exception: null
console.error: "Problem getting stored prefs for TopSites"
JavaScript error: , line 0: uncaught exception: null
console.error: "Problem getting stored prefs for TopSites"
JavaScript error: , line 0: uncaught exception: null
console.error: "Problem getting stored prefs for TopSites"
JavaScript error: , line 0: uncaught exception: null
console.error: "Problem getting stored prefs for TopSites"
JavaScript error: , line 0: uncaught exception: null
Exiting due to channel error.
Exiting due to channel error.
[GFX1-]: Receive IPC close with reason=AbnormalShutdown
Exiting due to channel error.
1694085665320	geckodriver	INFO	Listening on 127.0.0.1:65433
1694085665782	mozrunner::runner	INFO	Running command: "/Applications/Firefox.app/Contents/MacOS/firefox-bin" "--marionette" "--headless" "blink-settings=imagesEnabled=false" "--remote-debugging-port" "65434" "--remote-allow-hosts" "localhost" "-foreground" "-no-remote" "-profile" "/var/folders/jc/x8nf5scd28v4wrbkt9l72vd00000gn/T/rust_mozprofileFhGcWN"
*** You are running in headless mode.
1694085666077	Marionette	INFO	Marionette enabled
1694085666107	Marionette	INFO	Listening on port 65441
2023-09-07 19:21:06.154 plugin-container[70492:1821560] nil host used in call to allowsSpecificHTTPSCertificateForHost
2023-09-07 19:21:06.154 plugin-container[70492:1821560] nil host used in call to allowsAnyHTTPSCertificateForHost:
2023-09-07 19:21:06.168 plugin-container[70492:1821560] nil host used in call to allowsSpecificHTTPSCertificateForHost
2023-09-07 19:21:06.168 plugin-container[70492:1821560] nil host used in call to allowsAnyHTTPSCertificateForHost:
2023-09-07 19:21:06.168 plugin-container[70492:1821562] nil host used in call to allowsSpecificHTTPSCertificateForHost
2023-09-07 19:21:06.168 plugin-container[70492:1821562] nil host used in call to allowsAnyHTTPSCertificateForHost:
Read port: 65441
WebDriver BiDi listening on ws://127.0.0.1:65434
1694085666249	RemoteAgent	WARN	TLS certificate errors will be ignored for this session
[GFX1-]: RenderCompositorSWGL failed mapping default framebuffer, no dt
console.warn: SearchSettings: "get: No settings file exists, new profile?" (new NotFoundError("Could not open the file at /var/folders/jc/x8nf5scd28v4wrbkt9l72vd00000gn/T/rust_mozprofileFhGcWN/search.json.mozlz4", (void 0)))
JavaScript error: chrome://browser/content/places/browserPlacesViews.js, line 137: Error: No DOM node set for aPlacesNode.
node.type: 0. node.parent: [xpconnect wrapped nsINavHistoryResultNode]
DevTools listening on ws://127.0.0.1:65434/devtools/browser/9f77df1a-b1f9-4e97-8d8d-5adf46431547
console.warn: LoginRecipes: "Falling back to a synchronous message for: https://member.ic.net.cn."
JavaScript error: https://im.ic.net.cn/media/templates/ui/search_imbox.html?callback=success_jsonpCallback&_=1694085693802, line 1: SyntaxError: expected expression, got '<'
[GFX1-]: Unrecognized feature ACCELERATED_CANVAS2D
console.error: services.settings: 
  Message: NetworkError: Network error: TypeError: NetworkError: Network request failed
  Stack:
    APIError@resource://services-settings/RemoteSettingsClient.jsm:116:1
NetworkError@resource://services-settings/RemoteSettingsClient.jsm:120:5
_adjustedError@resource://services-settings/RemoteSettingsClient.jsm:883:14
maybeSync@resource://services-settings/RemoteSettingsClient.jsm:788:38

console.error: (new NetworkError("Network error: TypeError: NetworkError: Network request failed", "resource://services-settings/RemoteSettingsClient.jsm", 116))
Exiting due to channel error.
Exiting due to channel error.
Exiting due to channel error.
1696826069154	geckodriver	INFO	Listening on 127.0.0.1:56156
1696826069587	mozrunner::runner	INFO	Running command: "/Applications/Firefox.app/Contents/MacOS/firefox-bin" "--marionette" "--headless" "blink-settings=imagesEnabled=false" "--remote-debugging-port" "56157" "--remote-allow-hosts" "localhost" "-foreground" "-no-remote" "-profile" "/var/folders/jc/x8nf5scd28v4wrbkt9l72vd00000gn/T/rust_mozprofileg1CQAa"
*** You are running in headless mode.
1696826069849	Marionette	INFO	Marionette enabled
1696826069881	Marionette	INFO	Listening on port 56162
Read port: 56162
2023-10-09 12:34:29.906 plugin-container[6937:98000] nil host used in call to allowsSpecificHTTPSCertificateForHost
2023-10-09 12:34:29.906 plugin-container[6937:98000] nil host used in call to allowsAnyHTTPSCertificateForHost:
2023-10-09 12:34:29.930 plugin-container[6937:98000] nil host used in call to allowsSpecificHTTPSCertificateForHost
2023-10-09 12:34:29.930 plugin-container[6937:98000] nil host used in call to allowsAnyHTTPSCertificateForHost:
2023-10-09 12:34:29.930 plugin-container[6937:98008] nil host used in call to allowsSpecificHTTPSCertificateForHost
2023-10-09 12:34:29.930 plugin-container[6937:98008] nil host used in call to allowsAnyHTTPSCertificateForHost:
WebDriver BiDi listening on ws://127.0.0.1:56157
1696826070003	RemoteAgent	WARN	TLS certificate errors will be ignored for this session
[GFX1-]: RenderCompositorSWGL failed mapping default framebuffer, no dt
console.warn: SearchSettings: "get: No settings file exists, new profile?" (new NotFoundError("Could not open the file at /var/folders/jc/x8nf5scd28v4wrbkt9l72vd00000gn/T/rust_mozprofileg1CQAa/search.json.mozlz4", (void 0)))
DevTools listening on ws://127.0.0.1:56157/devtools/browser/eb042822-47c0-4314-be1a-22007f4ac01b
console.warn: LoginRecipes: "Falling back to a synchronous message for: https://member.ic.net.cn."
JavaScript error: https://im.ic.net.cn/media/templates/ui/search_imbox.html?callback=success_jsonpCallback&_=1696826101382, line 1: SyntaxError: expected expression, got '<'
console.error: (new TypeError("NetworkError: Network request failed", "resource://services-settings/Utils.jsm", 230))
JavaScript warning: https://icpi.ic.net.cn/media/javascript/q.js?v=1616807239, line 1: WEBGL_debug_renderer_info is deprecated in Firefox and will be removed. Please use RENDERER.
1696826317215	Marionette	WARN	Ignoring event 'DOMContentLoaded' because document has an invalid readyState of 'complete'.
console.error: (new Error("Polling for changes failed: NetworkError: Network request failed.", "resource://services-settings/remote-settings.js", 334))
1696826641227	geckodriver	INFO	Listening on 127.0.0.1:56598
1696826641733	mozrunner::runner	INFO	Running command: "/Applications/Firefox.app/Contents/MacOS/firefox-bin" "--marionette" "--headless" "blink-settings=imagesEnabled=false" "--remote-debugging-port" "56599" "--remote-allow-hosts" "localhost" "-foreground" "-no-remote" "-profile" "/var/folders/jc/x8nf5scd28v4wrbkt9l72vd00000gn/T/rust_mozprofilepW3jzK"
*** You are running in headless mode.
1696826641985	Marionette	INFO	Marionette enabled
1696826642017	Marionette	INFO	Listening on port 56603
2023-10-09 12:44:02.040 plugin-container[7154:101582] nil host used in call to allowsSpecificHTTPSCertificateForHost
2023-10-09 12:44:02.040 plugin-container[7154:101582] nil host used in call to allowsAnyHTTPSCertificateForHost:
2023-10-09 12:44:02.042 plugin-container[7154:101582] nil host used in call to allowsSpecificHTTPSCertificateForHost
2023-10-09 12:44:02.042 plugin-container[7154:101582] nil host used in call to allowsAnyHTTPSCertificateForHost:
2023-10-09 12:44:02.042 plugin-container[7154:101584] nil host used in call to allowsSpecificHTTPSCertificateForHost
2023-10-09 12:44:02.042 plugin-container[7154:101584] nil host used in call to allowsAnyHTTPSCertificateForHost:
Read port: 56603
WebDriver BiDi listening on ws://127.0.0.1:56599
1696826642137	RemoteAgent	WARN	TLS certificate errors will be ignored for this session
[GFX1-]: RenderCompositorSWGL failed mapping default framebuffer, no dt
console.warn: SearchSettings: "get: No settings file exists, new profile?" (new NotFoundError("Could not open the file at /var/folders/jc/x8nf5scd28v4wrbkt9l72vd00000gn/T/rust_mozprofilepW3jzK/search.json.mozlz4", (void 0)))
DevTools listening on ws://127.0.0.1:56599/devtools/browser/f651baed-f626-4350-9fd5-84227ca2d443
console.warn: LoginRecipes: "Falling back to a synchronous message for: https://member.ic.net.cn."
JavaScript error: https://im.ic.net.cn/media/templates/ui/search_imbox.html?callback=success_jsonpCallback&_=1696826668073, line 1: SyntaxError: expected expression, got '<'
console.error: (new TypeError("NetworkError: Network request failed", "resource://services-settings/Utils.jsm", 230))
JavaScript warning: https://icpi.ic.net.cn/media/javascript/q.js?v=1616807239, line 1: WEBGL_debug_renderer_info is deprecated in Firefox and will be removed. Please use RENDERER.
1696826960491	Marionette	WARN	Ignoring event 'DOMContentLoaded' because document has an invalid readyState of 'complete'.
console.error: (new Error("Polling for changes failed: NetworkError: Network request failed.", "resource://services-settings/remote-settings.js", 334))
Exiting due to channel error.
[GFX1-]: Receive IPC close with reason=AbnormalShutdown
[GFX1-]: Receive IPC close with reason=AbnormalShutdown
Exiting due to channel error.
Exiting due to channel error.
[GFX1-]: Receive IPC close with reason=AbnormalShutdown
Exiting due to channel error.
[GFX1-]: Receive IPC close with reason=AbnormalShutdown
[GFX1-]: Receive IPC close with reason=AbnormalShutdown
Exiting due to channel error.
Exiting due to channel error.
